<?xml version="1.0" encoding="UTF-8"?>
<testsuite xmlns:xsi="http://www.w3.org/2001/XMLSchema-instance" xsi:noNamespaceSchemaLocation="https://maven.apache.org/surefire/maven-surefire-plugin/xsd/surefire-test-report.xsd" name="parallel.Testparallel" time="94.504" tests="9" errors="0" skipped="0" failures="0">
  <properties>
[...]
</properties>
  <testcase name="test1" classname="parallel.Testparallel" time="46.451"/>
  <testcase name="test2" classname="parallel.Testparallel" time="46.435"/>
  <testcase name="test3" classname="parallel.Testparallel" time="46.386"/>
  <testcase name="test5" classname="parallel.Testparallel" time="21.137"/>
  <testcase name="test4" classname="parallel.Testparallel" time="20.924"/>
  <testcase name="test6" classname="parallel.Testparallel" time="20.98"/>
  <testcase name="test7" classname="parallel.Testparallel" time="27.111"/>
  <testcase name="test8" classname="parallel.Testparallel" time="27.07"/>
  <testcase name="test9" classname="parallel.Testparallel" time="25.99"/>
</testsuite>